<?xml version="1.0" encoding="UTF-8"?>
<!-- Generated by org.testng.reporters.JUnitXMLReporter -->
<testsuite ignored="0" hostname="SensaWin11" failures="0" tests="3" name="TestSequential" time="8.044" errors="0" timestamp="2022-11-29T16:17:29 IST">
  <testcase classname="testng.TestFrames" name="TestLaunchFrames" time="3.59"/>
  <testcase classname="testng.TestFrames" name="TestFramesInPage" time="0.025"/>
  <testcase classname="testng.TestFrames" name="TestFrameNavigation" time="0.345"/>
</testsuite> <!-- TestSequential -->
