<?xml version="1.0" encoding="UTF-8"?>
<testng-results ignored="0" total="3" passed="3" failed="0" skipped="0">
  <reporter-output>
  </reporter-output>
  <suite started-at="2022-11-29T16:17:21 IST" name="Suite" finished-at="2022-11-29T16:17:29 IST" duration-ms="8044">
    <groups>
    </groups>
    <test started-at="2022-11-29T16:17:21 IST" name="TestSequential" finished-at="2022-11-29T16:17:29 IST" duration-ms="8044">
      <class name="testng.TestFrames">
        <test-method is-config="true" signature="beforeClass()[pri:0, instance:testng.TestFrames@36ebc363]" started-at="2022-11-29T16:17:21 IST" name="beforeClass" finished-at="2022-11-29T16:17:24 IST" duration-ms="3274" status="PASS">
          <reporter-output>
          </reporter-output>
        </test-method> <!-- beforeClass -->
        <test-method signature="TestLaunchFrames()[pri:1, instance:testng.TestFrames@36ebc363]" started-at="2022-11-29T16:17:24 IST" name="TestLaunchFrames" finished-at="2022-11-29T16:17:28 IST" duration-ms="3590" status="PASS">
          <reporter-output>
          </reporter-output>
        </test-method> <!-- TestLaunchFrames -->
        <test-method signature="TestFramesInPage()[pri:2, instance:testng.TestFrames@36ebc363]" started-at="2022-11-29T16:17:28 IST" name="TestFramesInPage" finished-at="2022-11-29T16:17:28 IST" depends-on-methods="testng.TestFrames.TestLaunchFrames" duration-ms="25" status="PASS">
          <reporter-output>
          </reporter-output>
        </test-method> <!-- TestFramesInPage -->
        <test-method signature="TestFrameNavigation()[pri:3, instance:testng.TestFrames@36ebc363]" started-at="2022-11-29T16:17:28 IST" name="TestFrameNavigation" finished-at="2022-11-29T16:17:28 IST" depends-on-methods="testng.TestFrames.TestFramesInPage" duration-ms="345" status="PASS">
          <reporter-output>
          </reporter-output>
        </test-method> <!-- TestFrameNavigation -->
        <test-method is-config="true" signature="afterClass()[pri:0, instance:testng.TestFrames@36ebc363]" started-at="2022-11-29T16:17:28 IST" name="afterClass" finished-at="2022-11-29T16:17:29 IST" duration-ms="770" status="PASS">
          <reporter-output>
          </reporter-output>
        </test-method> <!-- afterClass -->
      </class> <!-- testng.TestFrames -->
    </test> <!-- TestSequential -->
  </suite> <!-- Suite -->
</testng-results>
